0 info it worked if it ends with ok
1 verbose cli [ '/Users/zhonghuiwen/.nvm/versions/node/v6.7.0/bin/node',
1 verbose cli   '/Users/zhonghuiwen/.nvm/versions/node/v6.7.0/bin/npm',
1 verbose cli   'run',
1 verbose cli   'start' ]
2 info using npm@3.10.3
3 info using node@v6.7.0
4 verbose run-script [ 'prestart', 'start', 'poststart' ]
5 info lifecycle CADjs@2.0.0~prestart: CADjs@2.0.0
6 silly lifecycle CADjs@2.0.0~prestart: no script for prestart, continuing
7 info lifecycle CADjs@2.0.0~start: CADjs@2.0.0
8 verbose lifecycle CADjs@2.0.0~start: unsafe-perm in lifecycle true
9 verbose lifecycle CADjs@2.0.0~start: PATH: /Users/zhonghuiwen/.nvm/versions/node/v6.7.0/lib/node_modules/npm/bin/node-gyp-bin:/Users/zhonghuiwen/Documents/Web/cad.js/node_modules/.bin:/Users/zhonghuiwen/.nvm/versions/node/v6.7.0/bin:/opt/local/bin:/opt/local/sbin:/opt/local/bin:/opt/local/sbin:/Users/zhonghuiwen/.nvm/versions/node/v6.7.0/bin:/Applications/Cocos/Cocos2d-x/cocos2d-x-3.10/templates:/Applications/Cocos/Cocos2d-x:/Applications/Cocos/Cocos2d-x/cocos2d-x-3.10/tools/cocos2d-console/bin:/Library/Frameworks/Python.framework/Versions/2.7/bin:/usr/local/bin:/usr/bin:/bin:/usr/sbin:/sbin:/opt/X11/bin:/opt/local/bin:/opt/local/sbin:/Applications/Cocos/Cocos2d-x/cocos2d-x-3.10/templates:/Applications/Cocos/Cocos2d-x:/Applications/Cocos/Cocos2d-x/cocos2d-x-3.10/tools/cocos2d-console/bin:/Library/Frameworks/Python.framework/Versions/2.7/bin
10 verbose lifecycle CADjs@2.0.0~start: CWD: /Users/zhonghuiwen/Documents/Web/cad.js
11 silly lifecycle CADjs@2.0.0~start: Args: [ '-c', 'node src/server/api_server.js' ]
12 silly lifecycle CADjs@2.0.0~start: Returned: code: 1  signal: null
13 info lifecycle CADjs@2.0.0~start: Failed to exec start script
14 verbose stack Error: CADjs@2.0.0 start: `node src/server/api_server.js`
14 verbose stack Exit status 1
14 verbose stack     at EventEmitter.<anonymous> (/Users/zhonghuiwen/.nvm/versions/node/v6.7.0/lib/node_modules/npm/lib/utils/lifecycle.js:242:16)
14 verbose stack     at emitTwo (events.js:106:13)
14 verbose stack     at EventEmitter.emit (events.js:191:7)
14 verbose stack     at ChildProcess.<anonymous> (/Users/zhonghuiwen/.nvm/versions/node/v6.7.0/lib/node_modules/npm/lib/utils/spawn.js:40:14)
14 verbose stack     at emitTwo (events.js:106:13)
14 verbose stack     at ChildProcess.emit (events.js:191:7)
14 verbose stack     at maybeClose (internal/child_process.js:877:16)
14 verbose stack     at Process.ChildProcess._handle.onexit (internal/child_process.js:226:5)
15 verbose pkgid CADjs@2.0.0
16 verbose cwd /Users/zhonghuiwen/Documents/Web/cad.js
17 error Darwin 16.7.0
18 error argv "/Users/zhonghuiwen/.nvm/versions/node/v6.7.0/bin/node" "/Users/zhonghuiwen/.nvm/versions/node/v6.7.0/bin/npm" "run" "start"
19 error node v6.7.0
20 error npm  v3.10.3
21 error code ELIFECYCLE
22 error CADjs@2.0.0 start: `node src/server/api_server.js`
22 error Exit status 1
23 error Failed at the CADjs@2.0.0 start script 'node src/server/api_server.js'.
23 error Make sure you have the latest version of node.js and npm installed.
23 error If you do, this is most likely a problem with the CADjs package,
23 error not with npm itself.
23 error Tell the author that this fails on your system:
23 error     node src/server/api_server.js
23 error You can get information on how to open an issue for this project with:
23 error     npm bugs CADjs
23 error Or if that isn't available, you can get their info via:
23 error     npm owner ls CADjs
23 error There is likely additional logging output above.
24 verbose exit [ 1, true ]
